#-----------------------------------------------------------
# Vivado v2017.4 (64-bit)
# SW Build 2086221 on Fri Dec 15 20:55:39 MST 2017
# IP Build 2085800 on Fri Dec 15 22:25:07 MST 2017
# Start of session at: Mon Nov 14 00:46:35 2022
# Process ID: 5760
# Current directory: C:/Users/doinc/Desktop/其它文件/my_ldpc/lpdc_final_ex
# Command line: vivado.exe -gui_launcher_event rodinguilauncherevent21128 C:\Users\doinc\Desktop\其它文件\my_ldpc\lpdc_final_ex\lpdc_test_ex.xpr
# Log file: C:/Users/doinc/Desktop/其它文件/my_ldpc/lpdc_final_ex/vivado.log
# Journal file: C:/Users/doinc/Desktop/其它文件/my_ldpc/lpdc_final_ex\vivado.jou
#-----------------------------------------------------------
start_gui
open_project C:/Users/doinc/Desktop/其它文件/my_ldpc/lpdc_final_ex/lpdc_test_ex.xpr
INFO: [Project 1-313] Project file moved from 'C:/Users/doinc/Desktop/my_ldpc/lpdc_final_ex' since last save.
Scanning sources...
Finished scanning sources
INFO: [IP_Flow 19-234] Refreshing IP repositories
INFO: [IP_Flow 19-1700] Loaded user IP repository 'c:/Users/doinc/Desktop/其它文件/my_ldpc'.
WARNING: [IP_Flow 19-3656] If you move the project, the path for repository 'c:/Users/doinc/Desktop/其它文件/my_ldpc' may become invalid. A better location for the repository would be in a path adjacent to the project. (Current project location is 'c:/Users/doinc/Desktop/其它文件/my_ldpc/lpdc_final_ex'.)
INFO: [IP_Flow 19-2313] Loaded Vivado IP repository 'D:/fpga/Vivado/2017.4/data/ip'.
WARNING: [BD 41-1661] One or more IPs have been locked in the design 'ldpc.bd'. Please run report_ip_status for more details and recommendations on how to fix this issue.
List of locked IPs:
ldpc_ldpc_1_0_0

open_project: Time (s): cpu = 00:00:12 ; elapsed = 00:00:08 . Memory (MB): peak = 880.891 ; gain = 145.125
update_compile_order -fileset sources_1
exit
INFO: [Common 17-206] Exiting Vivado at Mon Nov 14 00:48:11 2022...
