#-----------------------------------------------------------
# Vivado v2017.4 (64-bit)
# SW Build 2086221 on Fri Dec 15 20:55:39 MST 2017
# IP Build 2085800 on Fri Dec 15 22:25:07 MST 2017
# Start of session at: Mon Nov 14 00:45:30 2022
# Process ID: 19900
# Current directory: C:/Users/doinc/Desktop/其它文件/my_ldpc/ldpc_fifo
# Command line: vivado.exe -gui_launcher_event rodinguilauncherevent3320 C:\Users\doinc\Desktop\其它文件\my_ldpc\ldpc_fifo\ldpc_fifo.xpr
# Log file: C:/Users/doinc/Desktop/其它文件/my_ldpc/ldpc_fifo/vivado.log
# Journal file: C:/Users/doinc/Desktop/其它文件/my_ldpc/ldpc_fifo\vivado.jou
#-----------------------------------------------------------
start_gui
open_project C:/Users/doinc/Desktop/其它文件/my_ldpc/ldpc_fifo/ldpc_fifo.xpr
INFO: [Project 1-313] Project file moved from 'C:/Users/doinc/Desktop/my_ldpc/ldpc_fifo' since last save.
CRITICAL WARNING: [Project 1-311] Could not find the file 'C:/Users/users/doinc/desktop/my_ldpc/component.xml', nor could it be found using path 'C:/users/doinc/desktop/my_ldpc/component.xml'.
Scanning sources...
Finished scanning sources
WARNING: [filemgmt 56-2] IP Repository Path: Could not find the directory 'C:/Users/users/doinc/desktop/my_ldpc', nor could it be found using path 'C:/users/doinc/desktop/my_ldpc'.
INFO: [IP_Flow 19-234] Refreshing IP repositories
WARNING: [IP_Flow 19-2248] Failed to load user IP repository 'c:/Users/users/doinc/desktop/my_ldpc'; Can't find the specified path.
If this directory should no longer be in your list of user repositories, go to the IP Settings dialog and remove it.
INFO: [IP_Flow 19-2313] Loaded Vivado IP repository 'D:/fpga/Vivado/2017.4/data/ip'.
open_project: Time (s): cpu = 00:00:11 ; elapsed = 00:00:07 . Memory (MB): peak = 896.609 ; gain = 188.008
update_compile_order -fileset sources_1
exit
INFO: [Common 17-206] Exiting Vivado at Mon Nov 14 00:46:32 2022...
