#-----------------------------------------------------------
# Vivado v2017.4 (64-bit)
# SW Build 2086221 on Fri Dec 15 20:55:39 MST 2017
# IP Build 2085800 on Fri Dec 15 22:25:07 MST 2017
# Start of session at: Tue Jul 19 08:54:45 2022
# Process ID: 19368
# Current directory: C:/Users/doinc/Desktop/decode_final_test/ldpc_5bc_right
# Command line: vivado.exe -gui_launcher_event rodinguilauncherevent7004 C:\Users\doinc\Desktop\decode_final_test\ldpc_5bc_right\test_ldpc.xpr
# Log file: C:/Users/doinc/Desktop/decode_final_test/ldpc_5bc_right/vivado.log
# Journal file: C:/Users/doinc/Desktop/decode_final_test/ldpc_5bc_right\vivado.jou
#-----------------------------------------------------------
start_gui
open_project C:/Users/doinc/Desktop/decode_final_test/ldpc_5bc_right/test_ldpc.xpr
INFO: [Project 1-313] Project file moved from 'C:/Users/doinc/Desktop/decode_final_test/test_ldpc_5tongdao' since last save.
Scanning sources...
Finished scanning sources
INFO: [IP_Flow 19-234] Refreshing IP repositories
INFO: [IP_Flow 19-1704] No user IP repositories specified
INFO: [IP_Flow 19-2313] Loaded Vivado IP repository 'D:/fpga/Vivado/2017.4/data/ip'.
open_project: Time (s): cpu = 00:00:19 ; elapsed = 00:00:11 . Memory (MB): peak = 941.039 ; gain = 239.070
update_compile_order -fileset sources_1
exit
INFO: [Common 17-206] Exiting Vivado at Tue Jul 19 08:55:52 2022...
